<?xml version="1.0" encoding="UTF-8"?>
<testsuite name="com.codeoftheweb.salvo.SalvoApplicationTests" tests="1" skipped="0" failures="0" errors="0" timestamp="2019-09-02T15:00:06" hostname="DESKTOP-CNRL87V" time="0.195">
  <properties/>
  <testcase name="contextLoads" classname="com.codeoftheweb.salvo.SalvoApplicationTests" time="0.195"/>
  <system-out><![CDATA[11:59:50.936 [Test worker] DEBUG org.springframework.test.context.junit4.SpringJUnit4ClassRunner - SpringJUnit4ClassRunner constructor called with [class com.codeoftheweb.salvo.SalvoApplicationTests]
11:59:50.954 [Test worker] DEBUG org.springframework.test.context.BootstrapUtils - Instantiating CacheAwareContextLoaderDelegate from class [org.springframework.test.context.cache.DefaultCacheAwareContextLoaderDelegate]
11:59:50.989 [Test worker] DEBUG org.springframework.test.context.BootstrapUtils - Instantiating BootstrapContext using constructor [public org.springframework.test.context.support.DefaultBootstrapContext(java.lang.Class,org.springframework.test.context.CacheAwareContextLoaderDelegate)]
11:59:51.031 [Test worker] DEBUG org.springframework.test.context.BootstrapUtils - Instantiating TestContextBootstrapper for test class [com.codeoftheweb.salvo.SalvoApplicationTests] from class [org.springframework.boot.test.context.SpringBootTestContextBootstrapper]
11:59:51.061 [Test worker] INFO org.springframework.boot.test.context.SpringBootTestContextBootstrapper - Neither @ContextConfiguration nor @ContextHierarchy found for test class [com.codeoftheweb.salvo.SalvoApplicationTests], using SpringBootContextLoader
11:59:51.067 [Test worker] DEBUG org.springframework.test.context.support.AbstractContextLoader - Did not detect default resource location for test class [com.codeoftheweb.salvo.SalvoApplicationTests]: class path resource [com/codeoftheweb/salvo/SalvoApplicationTests-context.xml] does not exist
11:59:51.068 [Test worker] DEBUG org.springframework.test.context.support.AbstractContextLoader - Did not detect default resource location for test class [com.codeoftheweb.salvo.SalvoApplicationTests]: class path resource [com/codeoftheweb/salvo/SalvoApplicationTestsContext.groovy] does not exist
11:59:51.068 [Test worker] INFO org.springframework.test.context.support.AbstractContextLoader - Could not detect default resource locations for test class [com.codeoftheweb.salvo.SalvoApplicationTests]: no resource found for suffixes {-context.xml, Context.groovy}.
11:59:51.069 [Test worker] INFO org.springframework.test.context.support.AnnotationConfigContextLoaderUtils - Could not detect default configuration classes for test class [com.codeoftheweb.salvo.SalvoApplicationTests]: SalvoApplicationTests does not declare any static, non-private, non-final, nested classes annotated with @Configuration.
11:59:51.328 [Test worker] DEBUG org.springframework.test.context.support.ActiveProfilesUtils - Could not find an 'annotation declaring class' for annotation type [org.springframework.test.context.ActiveProfiles] and class [com.codeoftheweb.salvo.SalvoApplicationTests]
11:59:51.488 [Test worker] DEBUG org.springframework.context.annotation.ClassPathScanningCandidateComponentProvider - Identified candidate component class: file [C:\Users\alumno\Desktop\java\salvo\build\classes\java\main\com\codeoftheweb\salvo\SalvoApplication.class]
11:59:51.490 [Test worker] INFO org.springframework.boot.test.context.SpringBootTestContextBootstrapper - Found @SpringBootConfiguration com.codeoftheweb.salvo.SalvoApplication for test class com.codeoftheweb.salvo.SalvoApplicationTests
11:59:51.733 [Test worker] DEBUG org.springframework.boot.test.context.SpringBootTestContextBootstrapper - @TestExecutionListeners is not present for class [com.codeoftheweb.salvo.SalvoApplicationTests]: using defaults.
11:59:51.749 [Test worker] INFO org.springframework.boot.test.context.SpringBootTestContextBootstrapper - Loaded default TestExecutionListener class names from location [META-INF/spring.factories]: [org.springframework.boot.test.autoconfigure.restdocs.RestDocsTestExecutionListener, org.springframework.boot.test.autoconfigure.web.client.MockRestServiceServerResetTestExecutionListener, org.springframework.boot.test.autoconfigure.web.servlet.MockMvcPrintOnlyOnFailureTestExecutionListener, org.springframework.boot.test.autoconfigure.web.servlet.WebDriverTestExecutionListener, org.springframework.boot.test.mock.mockito.MockitoTestExecutionListener, org.springframework.boot.test.mock.mockito.ResetMocksTestExecutionListener, org.springframework.test.context.web.ServletTestExecutionListener, org.springframework.test.context.support.DirtiesContextBeforeModesTestExecutionListener, org.springframework.test.context.support.DependencyInjectionTestExecutionListener, org.springframework.test.context.support.DirtiesContextTestExecutionListener, org.springframework.test.context.transaction.TransactionalTestExecutionListener, org.springframework.test.context.jdbc.SqlScriptsTestExecutionListener]
11:59:51.796 [Test worker] INFO org.springframework.boot.test.context.SpringBootTestContextBootstrapper - Using TestExecutionListeners: [org.springframework.test.context.web.ServletTestExecutionListener@1df9924e, org.springframework.test.context.support.DirtiesContextBeforeModesTestExecutionListener@5293232, org.springframework.boot.test.mock.mockito.MockitoTestExecutionListener@3e2d9c27, org.springframework.boot.test.autoconfigure.SpringBootDependencyInjectionTestExecutionListener@32013ad3, org.springframework.test.context.support.DirtiesContextTestExecutionListener@633bb53f, org.springframework.test.context.transaction.TransactionalTestExecutionListener@2f4fa3c8, org.springframework.test.context.jdbc.SqlScriptsTestExecutionListener@7d51dea2, org.springframework.boot.test.autoconfigure.restdocs.RestDocsTestExecutionListener@46bda479, org.springframework.boot.test.autoconfigure.web.client.MockRestServiceServerResetTestExecutionListener@789173dc, org.springframework.boot.test.autoconfigure.web.servlet.MockMvcPrintOnlyOnFailureTestExecutionListener@2a12dee5, org.springframework.boot.test.autoconfigure.web.servlet.WebDriverTestExecutionListener@5945b1cb, org.springframework.boot.test.mock.mockito.ResetMocksTestExecutionListener@727058f6]
11:59:51.796 [Test worker] DEBUG org.springframework.test.annotation.ProfileValueUtils - Retrieved @ProfileValueSourceConfiguration [null] for test class [com.codeoftheweb.salvo.SalvoApplicationTests]
11:59:51.796 [Test worker] DEBUG org.springframework.test.annotation.ProfileValueUtils - Retrieved ProfileValueSource type [class org.springframework.test.annotation.SystemProfileValueSource] for class [com.codeoftheweb.salvo.SalvoApplicationTests]
11:59:51.796 [Test worker] DEBUG org.springframework.test.annotation.ProfileValueUtils - Retrieved @ProfileValueSourceConfiguration [null] for test class [com.codeoftheweb.salvo.SalvoApplicationTests]
11:59:51.796 [Test worker] DEBUG org.springframework.test.annotation.ProfileValueUtils - Retrieved ProfileValueSource type [class org.springframework.test.annotation.SystemProfileValueSource] for class [com.codeoftheweb.salvo.SalvoApplicationTests]
11:59:51.811 [Test worker] DEBUG org.springframework.test.context.support.AbstractDirtiesContextTestExecutionListener - Before test class: context [DefaultTestContext@6eacda24 testClass = SalvoApplicationTests, testInstance = [null], testMethod = [null], testException = [null], mergedContextConfiguration = [WebMergedContextConfiguration@304ce137 testClass = SalvoApplicationTests, locations = '{}', classes = '{class com.codeoftheweb.salvo.SalvoApplication}', contextInitializerClasses = '[]', activeProfiles = '{}', propertySourceLocations = '{}', propertySourceProperties = '{org.springframework.boot.test.context.SpringBootTestContextBootstrapper=true}', contextCustomizers = set[org.springframework.boot.test.autoconfigure.properties.PropertyMappingContextCustomizer@0, org.springframework.boot.test.autoconfigure.web.servlet.WebDriverContextCustomizerFactory$Customizer@705a1a38, org.springframework.boot.test.context.filter.ExcludeFilterContextCustomizer@6fa9cbe1, org.springframework.boot.test.json.DuplicateJsonObjectContextCustomizerFactory$DuplicateJsonObjectContextCustomizer@69ea517f, org.springframework.boot.test.mock.mockito.MockitoContextCustomizer@0, org.springframework.boot.test.web.client.TestRestTemplateContextCustomizer@a3e85ea], resourceBasePath = 'src/main/webapp', contextLoader = 'org.springframework.boot.test.context.SpringBootContextLoader', parent = [null]], attributes = map['org.springframework.test.context.web.ServletTestExecutionListener.activateListener' -> true]], class annotated with @DirtiesContext [false] with mode [null].
11:59:51.811 [Test worker] DEBUG org.springframework.test.annotation.ProfileValueUtils - Retrieved @ProfileValueSourceConfiguration [null] for test class [com.codeoftheweb.salvo.SalvoApplicationTests]
11:59:51.811 [Test worker] DEBUG org.springframework.test.annotation.ProfileValueUtils - Retrieved ProfileValueSource type [class org.springframework.test.annotation.SystemProfileValueSource] for class [com.codeoftheweb.salvo.SalvoApplicationTests]
11:59:51.842 [Test worker] DEBUG org.springframework.test.context.support.TestPropertySourceUtils - Adding inlined properties to environment: {spring.jmx.enabled=false, org.springframework.boot.test.context.SpringBootTestContextBootstrapper=true, server.port=-1}

  .   ____          _            __ _ _
 /\\ / ___'_ __ _ _(_)_ __  __ _ \ \ \ \
( ( )\___ | '_ | '_| | '_ \/ _` | \ \ \ \
 \\/  ___)| |_)| | | | | || (_| |  ) ) ) )
  '  |____| .__|_| |_|_| |_\__, | / / / /
 =========|_|==============|___/=/_/_/_/
 :: Spring Boot ::        (v2.1.7.RELEASE)

2019-09-02 11:59:52.530  INFO 5424 --- [    Test worker] c.c.salvo.SalvoApplicationTests          : Starting SalvoApplicationTests on DESKTOP-CNRL87V with PID 5424 (started by alumno in C:\Users\alumno\Desktop\java\salvo)
2019-09-02 11:59:52.530  INFO 5424 --- [    Test worker] c.c.salvo.SalvoApplicationTests          : No active profile set, falling back to default profiles: default
2019-09-02 11:59:55.087  INFO 5424 --- [    Test worker] .s.d.r.c.RepositoryConfigurationDelegate : Bootstrapping Spring Data repositories in DEFAULT mode.
2019-09-02 11:59:55.464  INFO 5424 --- [    Test worker] .s.d.r.c.RepositoryConfigurationDelegate : Finished Spring Data repository scanning in 347ms. Found 2 repository interfaces.
2019-09-02 11:59:56.702  INFO 5424 --- [    Test worker] trationDelegate$BeanPostProcessorChecker : Bean 'org.springframework.transaction.annotation.ProxyTransactionManagementConfiguration' of type [org.springframework.transaction.annotation.ProxyTransactionManagementConfiguration$$EnhancerBySpringCGLIB$$859944e7] is not eligible for getting processed by all BeanPostProcessors (for example: not eligible for auto-proxying)
2019-09-02 11:59:56.780  INFO 5424 --- [    Test worker] trationDelegate$BeanPostProcessorChecker : Bean 'org.springframework.hateoas.config.HateoasConfiguration' of type [org.springframework.hateoas.config.HateoasConfiguration$$EnhancerBySpringCGLIB$$5199219] is not eligible for getting processed by all BeanPostProcessors (for example: not eligible for auto-proxying)
2019-09-02 11:59:57.297  INFO 5424 --- [    Test worker] com.zaxxer.hikari.HikariDataSource       : HikariPool-1 - Starting...
2019-09-02 11:59:57.778  INFO 5424 --- [    Test worker] com.zaxxer.hikari.HikariDataSource       : HikariPool-1 - Start completed.
2019-09-02 11:59:58.006  INFO 5424 --- [    Test worker] o.hibernate.jpa.internal.util.LogHelper  : HHH000204: Processing PersistenceUnitInfo [
	name: default
	...]
2019-09-02 11:59:58.196  INFO 5424 --- [    Test worker] org.hibernate.Version                    : HHH000412: Hibernate Core {5.3.10.Final}
2019-09-02 11:59:58.198  INFO 5424 --- [    Test worker] org.hibernate.cfg.Environment            : HHH000206: hibernate.properties not found
2019-09-02 11:59:58.673  INFO 5424 --- [    Test worker] o.hibernate.annotations.common.Version   : HCANN000001: Hibernate Commons Annotations {5.0.4.Final}
2019-09-02 11:59:59.233  INFO 5424 --- [    Test worker] org.hibernate.dialect.Dialect            : HHH000400: Using dialect: org.hibernate.dialect.H2Dialect
2019-09-02 12:00:01.331  INFO 5424 --- [    Test worker] o.h.t.schema.internal.SchemaCreatorImpl  : HHH000476: Executing import script 'org.hibernate.tool.schema.internal.exec.ScriptSourceInputNonExistentImpl@4d4e0548'
2019-09-02 12:00:01.346  INFO 5424 --- [    Test worker] j.LocalContainerEntityManagerFactoryBean : Initialized JPA EntityManagerFactory for persistence unit 'default'
2019-09-02 12:00:04.688  INFO 5424 --- [    Test worker] o.s.s.concurrent.ThreadPoolTaskExecutor  : Initializing ExecutorService 'applicationTaskExecutor'
2019-09-02 12:00:04.805  WARN 5424 --- [    Test worker] aWebConfiguration$JpaWebMvcConfiguration : spring.jpa.open-in-view is enabled by default. Therefore, database queries may be performed during view rendering. Explicitly configure spring.jpa.open-in-view to disable this warning
2019-09-02 12:00:06.200  INFO 5424 --- [    Test worker] c.c.salvo.SalvoApplicationTests          : Started SalvoApplicationTests in 14.341 seconds (JVM running for 24.42)
]]></system-out>
  <system-err><![CDATA[]]></system-err>
</testsuite>
